<?xml version="1.0" encoding="UTF-8"?>
<!-- Generated by org.testng.reporters.JUnitXMLReporter -->
<testsuite hostname="IT-100" ignored="0" name="Test" tests="12" failures="0" timestamp="26 Oct 2020 12:50:28 GMT" time="175.941" errors="0">
  <testcase name="loginWithInValidCred" time="3.626" classname="com.ed.test.LoginFlow.Login"/>
  <testcase name="loginWithValidCred" time="6.954" classname="com.ed.test.LoginFlow.Login"/>
  <testcase name="DressMenu" time="0.85" classname="com.ed.test.productFlow.MenuDisplay"/>
  <testcase name="login" time="8.755" classname="com.ed.test.productFlow.ProductWorkFlow"/>
  <testcase name="selectProduct" time="5.642" classname="com.ed.test.productFlow.ProductWorkFlow"/>
  <testcase name="verifyProductCriteria" time="3.847" classname="com.ed.test.productFlow.ProductWorkFlow"/>
  <testcase name="addtoCart" time="0.211" classname="com.ed.test.productFlow.ProductWorkFlow"/>
  <testcase name="checkOut" time="10.22" classname="com.ed.test.productFlow.ProductWorkFlow"/>
  <testcase name="shoppingCartSummary" time="2.456" classname="com.ed.test.productFlow.ProductWorkFlow"/>
  <testcase name="checkBillingAddress" time="1.72" classname="com.ed.test.productFlow.ProductWorkFlow"/>
  <testcase name="termOfService" time="20.068" classname="com.ed.test.productFlow.ProductWorkFlow"/>
  <testcase name="payAndConfirm" time="25.005" classname="com.ed.test.productFlow.ProductWorkFlow"/>
</testsuite> <!-- Test -->
