<?xml version="1.0" encoding="UTF-8"?>
<testng-results skipped="0" failed="0" ignored="0" total="1" passed="1">
  <reporter-output>
  </reporter-output>
  <suite name="Default suite" duration-ms="11616" started-at="2020-10-26T12:59:06Z" finished-at="2020-10-26T12:59:18Z">
    <groups>
    </groups>
    <test name="Default test" duration-ms="11616" started-at="2020-10-26T12:59:06Z" finished-at="2020-10-26T12:59:18Z">
      <class name="com.ed.test.productFlow.MenuDisplay">
        <test-method status="PASS" signature="init(org.testng.ITestContext)[pri:0, instance:com.ed.test.productFlow.MenuDisplay@3b0143d3]" name="init" is-config="true" duration-ms="10448" started-at="2020-10-26T12:59:06Z" finished-at="2020-10-26T12:59:16Z">
          <params>
            <param index="0">
              <value>
                <![CDATA[org.testng.TestRunner@28d18df5]]>
              </value>
            </param>
          </params>
          <reporter-output>
          </reporter-output>
        </test-method> <!-- init -->
        <test-method status="PASS" signature="DressMenu()[pri:0, instance:com.ed.test.productFlow.MenuDisplay@3b0143d3]" name="DressMenu" duration-ms="1061" started-at="2020-10-26T12:59:16Z" finished-at="2020-10-26T12:59:17Z">
          <reporter-output>
          </reporter-output>
        </test-method> <!-- DressMenu -->
        <test-method status="PASS" signature="tearDown()[pri:0, instance:com.ed.test.productFlow.MenuDisplay@3b0143d3]" name="tearDown" is-config="true" duration-ms="83" started-at="2020-10-26T12:59:17Z" finished-at="2020-10-26T12:59:18Z">
          <reporter-output>
          </reporter-output>
        </test-method> <!-- tearDown -->
      </class> <!-- com.ed.test.productFlow.MenuDisplay -->
    </test> <!-- Default test -->
  </suite> <!-- Default suite -->
</testng-results>
